TN:
SF:convert-string-to-array/convert-string-to-array.js
FN:1,stringToArray
FN:7,stringToArray2
FNF:2
FNH:2
FNDA:5,stringToArray
FNDA:5,stringToArray2
DA:2,5
DA:3,5
DA:8,5
DA:9,5
DA:10,5
DA:11,95
DA:12,18
DA:13,18
DA:14,18
DA:16,95
DA:18,5
DA:19,5
LF:12
LH:12
BRDA:11,0,0,18
BRDA:11,0,1,77
BRF:2
BRH:2
end_of_record
TN:
SF:sum-of-numbers/sum-of-numbers.js
FN:1,sumOfNumbers
FNF:1
FNH:1
FNDA:9,sumOfNumbers
DA:2,9
DA:3,3
DA:5,6
DA:6,6
DA:7,4
DA:8,26
DA:11,2
DA:12,23
DA:14,6
LF:9
LH:9
BRDA:2,0,0,3
BRDA:2,0,1,6
BRDA:6,1,0,4
BRDA:6,1,1,2
BRF:4
BRH:4
end_of_record
TN:
SF:vowel-count/vowel-count.js
FN:1,getCount
FNF:1
FNH:1
FNDA:5,getCount
DA:13,5
DA:14,5
DA:15,5
DA:16,3
DA:18,2
LF:5
LH:5
BRDA:15,0,0,3
BRDA:15,0,1,2
BRF:2
BRH:2
end_of_record
